c:\users\kisg\documents\visual studio 2019\projects\memorygame\memorygame\debug\vc142.pdb
c:\users\kisg\documents\visual studio 2019\projects\memorygame\memorygame\debug\vc142.idb
c:\users\kisg\documents\visual studio 2019\projects\memorygame\memorygame\debug\util.obj
c:\users\kisg\documents\visual studio 2019\projects\memorygame\memorygame\debug\sprite3d.obj
c:\users\kisg\documents\visual studio 2019\projects\memorygame\memorygame\debug\source.obj
c:\users\kisg\documents\visual studio 2019\projects\memorygame\memorygame\debug\scoreboard.obj
c:\users\kisg\documents\visual studio 2019\projects\memorygame\memorygame\debug\player.obj
c:\users\kisg\documents\visual studio 2019\projects\memorygame\memorygame\debug\mainmenu.obj
c:\users\kisg\documents\visual studio 2019\projects\memorygame\memorygame\debug\gamemanager.obj
c:\users\kisg\documents\visual studio 2019\projects\memorygame\memorygame\debug\field.obj
c:\users\kisg\documents\visual studio 2019\projects\memorygame\memorygame\debug\card.obj
c:\users\kisg\documents\visual studio 2019\projects\memorygame\memorygame\debug\button.obj
c:\users\kisg\documents\visual studio 2019\projects\memorygame\debug\memorygame.ilk
c:\users\kisg\documents\visual studio 2019\projects\memorygame\debug\memorygame.exe
c:\users\kisg\documents\visual studio 2019\projects\memorygame\debug\memorygame.pdb
c:\users\kisg\documents\visual studio 2019\projects\memorygame\memorygame\debug\memorygame.tlog\cl.command.1.tlog
c:\users\kisg\documents\visual studio 2019\projects\memorygame\memorygame\debug\memorygame.tlog\cl.read.1.tlog
c:\users\kisg\documents\visual studio 2019\projects\memorygame\memorygame\debug\memorygame.tlog\cl.write.1.tlog
c:\users\kisg\documents\visual studio 2019\projects\memorygame\memorygame\debug\memorygame.tlog\link.command.1.tlog
c:\users\kisg\documents\visual studio 2019\projects\memorygame\memorygame\debug\memorygame.tlog\link.read.1.tlog
c:\users\kisg\documents\visual studio 2019\projects\memorygame\memorygame\debug\memorygame.tlog\link.write.1.tlog
