c:\users\kisg\documents\visual studio 2019\projects\memorygame\memorygame\release\vc142.pdb
c:\users\kisg\documents\visual studio 2019\projects\memorygame\memorygame\release\util.obj
c:\users\kisg\documents\visual studio 2019\projects\memorygame\memorygame\release\sprite3d.obj
c:\users\kisg\documents\visual studio 2019\projects\memorygame\memorygame\release\source.obj
c:\users\kisg\documents\visual studio 2019\projects\memorygame\memorygame\release\scoreboard.obj
c:\users\kisg\documents\visual studio 2019\projects\memorygame\memorygame\release\player.obj
c:\users\kisg\documents\visual studio 2019\projects\memorygame\memorygame\release\mainmenu.obj
c:\users\kisg\documents\visual studio 2019\projects\memorygame\memorygame\release\gamemanager.obj
c:\users\kisg\documents\visual studio 2019\projects\memorygame\memorygame\release\field.obj
c:\users\kisg\documents\visual studio 2019\projects\memorygame\memorygame\release\card.obj
c:\users\kisg\documents\visual studio 2019\projects\memorygame\memorygame\release\button.obj
c:\users\kisg\documents\visual studio 2019\projects\memorygame\release\memorygame.exe
c:\users\kisg\documents\visual studio 2019\projects\memorygame\release\memorygame.pdb
c:\users\kisg\documents\visual studio 2019\projects\memorygame\release\memorygame.ipdb
c:\users\kisg\documents\visual studio 2019\projects\memorygame\release\memorygame.iobj
c:\users\kisg\documents\visual studio 2019\projects\memorygame\memorygame\release\memorygame.tlog\cl.command.1.tlog
c:\users\kisg\documents\visual studio 2019\projects\memorygame\memorygame\release\memorygame.tlog\cl.read.1.tlog
c:\users\kisg\documents\visual studio 2019\projects\memorygame\memorygame\release\memorygame.tlog\cl.write.1.tlog
c:\users\kisg\documents\visual studio 2019\projects\memorygame\memorygame\release\memorygame.tlog\link.command.1.tlog
c:\users\kisg\documents\visual studio 2019\projects\memorygame\memorygame\release\memorygame.tlog\link.read.1.tlog
c:\users\kisg\documents\visual studio 2019\projects\memorygame\memorygame\release\memorygame.tlog\link.write.1.tlog
c:\users\kisg\documents\visual studio 2019\projects\memorygame\memorygame\release\memorygame.tlog\memorygame.write.1u.tlog
